<?xml version="1.0" encoding="UTF-8"?>
<!-- Generated by org.testng.reporters.JUnitXMLReporter -->
<testsuite hostname="LAPTOP-HU9II26B" failures="1" tests="5" name="Test" time="23.148" errors="0" timestamp="16 Apr 2024 21:11:11 GMT">
  <testcase classname="com.cucmber.pratice.com.cucumber.RunnerClass" name="SubmitOrder" time="13.866"/>
  <testcase classname="com.cucmber.pratice.com.cucumber.RunnerClass" name="SubmitOrderforedge" time="6.633">
    <failure type="java.lang.AssertionError">
      <![CDATA[java.lang.AssertionError
	at org.junit.Assert.fail(Assert.java:86)
	at org.junit.Assert.assertTrue(Assert.java:41)
	at org.junit.Assert.assertTrue(Assert.java:52)
	at com.cucmber.pratice.com.cucumber.RunnerClass.SubmitOrderforedge(RunnerClass.java:60)
	at java.base/java.util.concurrent.FutureTask.run(FutureTask.java:264)
	at java.base/java.util.concurrent.ThreadPoolExecutor.runWorker(ThreadPoolExecutor.java:1130)
	at java.base/java.util.concurrent.ThreadPoolExecutor$Worker.run(ThreadPoolExecutor.java:630)
	at java.base/java.lang.Thread.run(Thread.java:832)
... Removed 16 stack frames]]>
    </failure>
  </testcase> <!-- SubmitOrderforedge -->
  <testcase classname="com.cucmber.pratice.com.cucumber.RunnerClass" name="SubmitOrderforedge1" time="0.001"/>
  <testcase classname="com.cucmber.pratice.com.cucumber.RunnerClass" name="SubmitOrderforedge2" time="0.002"/>
  <testcase classname="com.cucmber.pratice.com.cucumber.RunnerClass" name="SubmitOrderforedge3" time="0.002"/>
</testsuite> <!-- Test -->
